[rewards] Philip Williamson joined the channel.
[Rewards]: check him out! Jim Green designation just reached the rank of 157!
[Rewards]: he's on it! A lion named Zolton just reached the rank of 180!
[Rewards]: Sweet! Jim Green designation just reached the rank of 164!
[Rewards]: Sweet! Jim Green designation just reached the rank of 165!
[Rewards]: check her out! A  lioness named Camille just reached the rank of 154!
[Rewards]: Rockin' and rollin' Pheerblue Baby blue scale just reached the rank of 1320!
[Rewards]: Rockin' and rollin' David Brooks just reached the rank of 1322!
[Rewards]: he's on it! Jim Green designation just reached the rank of 172!
[Rewards]: he's on it! Pheerblue Baby blue scale just reached the rank of 1332!
[Rewards]: Sweet! Petr Out of Kuznetzov just reached the rank of 12!
[Rewards]: Nice! Petr Out of Kuznetzov just reached the rank of 16!
[Rewards]: Rockin' and rollin' Retired JAG Barrister Michael Lawson just reached the rank of 1973!
[Rewards]: Nice! Petr Out of Kuznetzov just reached the rank of 17!
[Rewards]: check him out! Philip Williamson just reached the rank of 1107!
[Rewards]: Rockin' and rollin' Petr Out of Kuznetzov just reached the rank of 24!
[Rewards]: he's on it! Petr Out of Kuznetzov just reached the rank of 25!
[Rewards]: Nicely done! Petr Out of Kuznetzov just reached the rank of 26!
[Rewards]: Sweet! Antur Benter just reached the rank of 41!
[Rewards]: Look at her go! A tigress named Camille just reached the rank of 181!
[Rewards]: Nicely done! Ellie Sky blue scale just reached the rank of 308!
[Rewards]: Nice! Jacob Dark green scale just reached the rank of 309!
[Rewards]: Look at her go! A tigress named Camille just reached the rank of 187!
[Rewards]: check her out! A tigress named Camille just reached the rank of 194!
[Rewards]: Look at him go! Zinjorg Green scale just reached the rank of 286!
[Rewards]: Look at her go! A tigress named Camille just reached the rank of 199!
[Rewards]: Nice! David Brooks just reached the rank of 1334!
[Rewards]: check him out! Jim Green designation just reached the rank of 204!
[Rewards]: Rockin' and rollin' Josh Broderick just reached the rank of 823!
[rewards] Josh Broderick joined the channel.
[Rewards] Josh Broderick screams, "chuck!"
[Rewards]: he's on it! Zinjorg Green scale just reached the rank of 288!
[Rewards]: Sweet! Methelius Black gold designation just reached the rank of 945!
[Rewards]: Sweet! Jason Blaze just reached the rank of 1557!
[Rewards]: check her out! Trista Vinova just reached the rank of 847!
[Rewards]: Sweet! Jason Blaze just reached the rank of 1562!
[Rewards]: Look at her go! Caralee Watson just reached the rank of 868!
[Rewards]: Sweet! Syuri Dark green scale just reached the rank of 1029!
[Rewards]: check her out! Syuri Dark green scale just reached the rank of 1030!
[Rewards]: she's on it! A white bull named Kenshaye just reached the rank of 143!
[Rewards]: check her out! A white bull named Kenshaye just reached the rank of 144!
[Rewards]: Look at her go! A white bull named Kenshaye just reached the rank of 145!
[Rewards]: Look at her go! Trista Vinova just reached the rank of 848!
[Rewards]: she's on it! A beautiful owl named Kenshaye just reached the rank of 146!
[Rewards] Syuri Dark green scale: yea, wooty
[Rewards] Syuri Dark green scale: hooty
[Rewards]: she's on it! A beautiful owl named Kenshaye just reached the rank of 152!
[Rewards]: Rockin' and rollin' Moran Midnight black designation just reached the rank of 161!
[Rewards]: Look at her go! A beautiful owl named Kenshaye just reached the rank of 157!
[Rewards]: Look at him go! Moran Midnight black designation just reached the rank of 170!
[Rewards]: Sweet! Moran Midnight black designation just reached the rank of 179!
[Rewards]: Nicely done! Zuldrien Black gold designation just reached the rank of 2!
[Rewards]: Rockin' and rollin' Pheerblue Baby blue scale just reached the rank of 1466!
[Rewards]: Nicely done! Moran Midnight black designation just reached the rank of 185!
[Rewards]: Nicely done! Moran Midnight black designation just reached the rank of 194!
[Rewards]: Rockin' and rollin' Moran Midnight black designation just reached the rank of 200!
[Rewards]: Sweet! Zuldrien Black gold designation just reached the rank of 3!
[Rewards]: Sweet! Zuldrien Black gold designation just reached the rank of 4!
[Rewards]: Sweet! Syuri Dark green scale just reached the rank of 1071!
[Rewards]: Nice! Zuldrien Black gold designation just reached the rank of 5!
[Rewards]: Sweet! Zuldrien Black gold designation just reached the rank of 6!
[Rewards]: check him out! Moran Midnight black designation just reached the rank of 203!
[Rewards]: Rockin' and rollin' David Blue scale just reached the rank of 16!
[Rewards]: Nice! David Blue scale just reached the rank of 21!
[Rewards]: Nicely done! David Blue scale just reached the rank of 22!
[Rewards]: Sweet! Cayley White just reached the rank of 64!
[Rewards]: Nice! Cayley White just reached the rank of 65!
[Rewards]: he's on it! Muhammad Gagah just reached the rank of 999!
[Rewards]: he's on it! Vance Emmer just reached the rank of 177!
[Rewards]: Sweet! Vance Emmer just reached the rank of 178!
[Rewards]: Rockin' and rollin' Vance Emmer just reached the rank of 179!
[Rewards]: Nicely done! Moran Midnight black designation just reached the rank of 204!
[Rewards]: Sweet! Moran Midnight black designation just reached the rank of 208!
[Rewards]: Nicely done! Muhammad Gagah just reached the rank of 1005!
[Rewards]: check him out! Moran Midnight black designation just reached the rank of 211!
[Rewards]: he's on it! Moran Midnight black designation just reached the rank of 214!
[Rewards]: he's on it! Ricky Shimmering blue designation just reached the rank of 1769!
[Rewards]: Nicely done! Methelius Black gold designation just reached the rank of 946!
[Rewards]: check her out! Trista Vinova just reached the rank of 849!
[Rewards]: he's on it! Muhammad Gagah just reached the rank of 1006!
[Rewards]: Nice! Susan Guttenburg just reached the rank of 1225!
[Rewards]: Nicely done! Trista Vinova just reached the rank of 850!
[Rewards]: Look at him go! Ordrin Black designation just reached the rank of 1020!
[Rewards]: Rockin' and rollin' Melody Lawson just reached the rank of 1169!
[Rewards]: check him out! Zuldrien Black gold designation just reached the rank of 7!
[Rewards]: Rockin' and rollin' Zuldrien Black gold designation just reached the rank of 8!
[Rewards]: check him out! Zuldrien Black gold designation just reached the rank of 11!
[Rewards]: he's on it! Jim Green designation just reached the rank of 266!
[Rewards]: Rockin' and rollin' Zuldrien Black gold designation just reached the rank of 13!
[Rewards]: he's on it! Zuldrien Black gold designation just reached the rank of 14!
[Rewards]: Sweet! Pheerblue Baby blue scale just reached the rank of 1489!
[Rewards]: Nice! Zinjorg Green scale just reached the rank of 292!
[Rewards]: Nice! Jim Green designation just reached the rank of 270!
[Rewards]: Nice! Jim Green designation just reached the rank of 271!
[Rewards]: Rockin' and rollin' Jim Green designation just reached the rank of 273!
[Rewards]: Look at her go! Trista Vinova just reached the rank of 851!
[Rewards]: Rockin' and rollin' Methelius Black gold designation just reached the rank of 947!
[Rewards]: Look at her go! Trista Vinova just reached the rank of 852!
[Rewards]: Nicely done! Syuri Dark green scale just reached the rank of 1076!
[Rewards]: she's on it! Syuri Dark green scale just reached the rank of 1114!
[Rewards]: Rockin' and rollin' Elenhiia Shier just reached the rank of 65!
[Rewards]: Nicely done! Elenhiia Shier just reached the rank of 66!
[Rewards]: Rockin' and rollin' Moran Midnight black designation just reached the rank of 218!
[Rewards]: check him out! Josh Broderick just reached the rank of 858!
[Rewards]: Nicely done! Moran Midnight black designation just reached the rank of 221!
[Rewards]: check him out! Pheerblue Baby blue scale just reached the rank of 1491!
[Rewards]: Sweet! Zinjorg Green scale just reached the rank of 298!
[Rewards]: Nice! Pheerblue Baby blue scale just reached the rank of 1492!
[Rewards]: he's on it! Zinjorg Green scale just reached the rank of 299!
[Rewards]: check him out! Pheerblue Baby blue scale just reached the rank of 1493!
[Rewards]: Sweet! Yaslene Webster just reached the rank of 228!
[Rewards]: he's on it! Frederick Barnes131439 just reached the rank of 2718!
[Rewards]: Rockin' and rollin' Pheerblue Baby blue scale just reached the rank of 1494!
[Rewards]: Look at her go! Firaliana Peach scale just reached the rank of 145!
[Rewards]: Rockin' and rollin' Syuri Dark green scale just reached the rank of 1120!
[Rewards]: Sweet! Firaliana Peach scale just reached the rank of 166!
[rewards] HTPL Olivia Bronze scale left the channel.
[Rewards]: Rockin' and rollin' Timmothy Tufo just reached the rank of 20!
[Rewards]: Nice! Mira Silver scale just reached the rank of 2!
[Rewards]: Sweet! Mariean Grace just reached the rank of 26!
[Rewards]: Rockin' and rollin' Mira Silver scale just reached the rank of 3!
[Rewards]: Look at him go! Shrotdanger Emerald designation just reached the rank of 8!
[Rewards]: he's on it! Shrotdanger Emerald designation just reached the rank of 9!
[Rewards]: he's on it! Shrotdanger Emerald designation just reached the rank of 10!
[Rewards]: Look at her go! Livvy Rose white designation just reached the rank of 2!
[Rewards]: Sweet! Livvy Rose white designation just reached the rank of 3!
[Rewards]: Nice! Matt Hunter just reached the rank of 219!
[Rewards]: Look at him go! Shrotdanger Emerald designation just reached the rank of 14!
[Rewards]: Sweet! Matt Hunter just reached the rank of 220!
[Rewards]: Nice! Kinzi Shimmering blue scale just reached the rank of 1020!
[Rewards]: Sweet! Shrotdanger Emerald designation just reached the rank of 20!
[Rewards]: Nice! A male bald eagle named Jake just reached the rank of 687!
[Rewards]: Nicely done! Ross Brown39557 just reached the rank of 78!
[Rewards]: Look at him go! Ross Brown39557 just reached the rank of 79!
[Rewards]: Rockin' and rollin' Chelsea Pink scale just reached the rank of 1341!
[Rewards]: she's on it! Firaliana Peach scale just reached the rank of 212!
[Rewards]: Nicely done! Tannin Azure blue scale just reached the rank of 230!
[Rewards] Firaliana Peach scale: Nice job!
[Rewards]: Look at her go! Livvy Rose white designation just reached the rank of 4!
[Rewards]: check him out! Matt Hunter just reached the rank of 221!
[rewards] Syuri Dark green scale left the channel.
[Rewards]: check him out! Matt Hunter just reached the rank of 222!
[Rewards]: Rockin' and rollin' Livvy Rose white designation just reached the rank of 5!
[Rewards]: Rockin' and rollin' Livvy Rose white designation just reached the rank of 7!
[Rewards]: Nice! Livvy Rose white designation just reached the rank of 9!
[Rewards]: Look at her go! Maelitta Winter39672 just reached the rank of 24!
[Rewards]: Sweet! Ross Brown39557 just reached the rank of 80!
[Rewards]: check her out! Livvy Rose white designation just reached the rank of 10!
[Rewards]: she's on it! Ixa Umber designation just reached the rank of 2!
[Rewards]: Nicely done! Livvy Rose white designation just reached the rank of 13!
[Rewards]: he's on it! Matt Hunter just reached the rank of 223!
[Rewards] Hugo Black scale: nice
[Rewards]: check her out! Livvy Rose white designation just reached the rank of 14!
[Rewards]: Nicely done! Ross Brown39557 just reached the rank of 81!
[Rewards]: Nice! Livvy Rose white designation just reached the rank of 19!
[Rewards]: she's on it! Yaslene Webster just reached the rank of 254!
[Rewards]: Sweet! Ada Hopper just reached the rank of 1801!
[Rewards]: Rockin' and rollin' Zinjorg Green scale just reached the rank of 260!
[Rewards]: Nice! Livvy Rose white designation just reached the rank of 20!
[Rewards]: she's on it! Firaliana Peach scale just reached the rank of 217!
[Rewards]: Sweet! Tommas Raven black designation just reached the rank of 5!
[rewards] Livvy Rose white designation joined the channel.
[Rewards]: check her out! Livvy Rose white designation just reached the rank of 26!
[Rewards]: check him out! Tommas Raven black designation just reached the rank of 7!
[Rewards]: Rockin' and rollin' Tommas Raven black designation just reached the rank of 9!
[Rewards]: Nice! Livvy Rose white designation just reached the rank of 32!
[Rewards]: check her out! Livvy Rose white designation just reached the rank of 69!
[Rewards]: Look at him go! Muhammad Gagah just reached the rank of 1143!
[rewards] Syuri Dark green scale joined the channel.
[Rewards]: Nicely done! Pheerblue Baby blue scale just reached the rank of 1546!
[Rewards]: Rockin' and rollin' Jim Green designation just reached the rank of 274!
[Rewards]: check him out! Hugo Black scale just reached the rank of 1111!
[Rewards]: Sweet! Jim Green designation just reached the rank of 275!
[Rewards]: Look at him go! Jim Green designation just reached the rank of 276!
[Rewards]: Nice! Jim Green designation just reached the rank of 278!
[Rewards] Jessabelle Lawson cheers!
[rewards] HTPL Olivia Bronze scale joined the channel.
[Rewards]: Nice! Jim Green designation just reached the rank of 279!
[Rewards]: Rockin' and rollin' Caralee Watson just reached the rank of 1006!
[Rewards]: check him out! Jason Hamilton just reached the rank of 366!
[Rewards]: Look at him go! Jim Green designation just reached the rank of 280!
[Rewards]: he's on it! Jim Green designation just reached the rank of 281!
[Rewards]: Nice! Jim Green designation just reached the rank of 283!
[Rewards]: Nicely done! Ehpus Out of Komarova just reached the rank of 2!
[Rewards]: Nicely done! Ehpus Out of Komarova just reached the rank of 3!
[Rewards]: Nice! Normann Dans149603 just reached the rank of 47!
[Rewards]: he's on it! Jim Green designation just reached the rank of 281!
[Rewards]: check him out! David Brooks just reached the rank of 1366!
[Rewards]: Look at her go! Melody Lawson just reached the rank of 1187!
[Rewards]: Nice! Jim Green designation just reached the rank of 282!
[Rewards]: Sweet! Melody Lawson just reached the rank of 1190!
[Rewards]: check him out! Nelson Orange scale just reached the rank of 523!
[Rewards]: check her out! Firaliana Peach scale just reached the rank of 219!
[Rewards]: Look at him go! Zinjorg Green scale just reached the rank of 268!
[Rewards]: Nice! Katrin Green designation just reached the rank of 514!
[Rewards]: Sweet! Ehpus Out of Komarova just reached the rank of 4!
[Rewards]: Look at him go! Jim Green designation just reached the rank of 286!
[Rewards]: Sweet! Ehpus Out of Komarova just reached the rank of 5!
[Rewards]: Look at him go! Ross Brown39557 just reached the rank of 84!
[Rewards]: Look at him go! Vladimir Dalca just reached the rank of 398!
[Rewards]: he's on it! Ross Brown39557 just reached the rank of 86!
[Rewards]: check him out! Ross Brown39557 just reached the rank of 87!
[Rewards]: Nicely done! Ehpus Out of Komarova just reached the rank of 7!
[Rewards]: Look at her go! Ehpus Out of Komarova just reached the rank of 9!
[Rewards]: Nicely done! Zinjorg Green scale just reached the rank of 272!
[Rewards]: Nicely done! Josh Broderick just reached the rank of 904!
[Rewards]: Sweet! Shrotdanger Emerald designation just reached the rank of 23!
[Rewards]: check him out! Shrotdanger Emerald designation just reached the rank of 25!
[Rewards]: Nicely done! Shrotdanger Emerald designation just reached the rank of 31!
[Rewards]: Sweet! Caralee Watson just reached the rank of 1030!
[Rewards]: Sweet! Yaslene Webster just reached the rank of 266!
[Rewards]: she's on it! Leneya Anderrson just reached the rank of 1034!
[Rewards]: she's on it! Syuri Dark green scale just reached the rank of 1123!
[Rewards]: he's on it! Shrotdanger Emerald designation just reached the rank of 46!
[Rewards]: Rockin' and rollin' Ehpus Out of Komarova just reached the rank of 20!
[Rewards]: Sweet! Shrotdanger Emerald designation just reached the rank of 48!
[Rewards]: Look at him go! Vladimir Dalca just reached the rank of 401!
[Rewards]: he's on it! Jim Green designation just reached the rank of 288!
[Rewards]: she's on it! Ehpus Out of Komarova just reached the rank of 23!
[Rewards]: Look at him go! Jim Green designation just reached the rank of 292!
[Rewards]: Nicely done! JAG Attorney James Donivan just reached the rank of 1794!
[Rewards]: Rockin' and rollin' JAG Attorney James Donivan just reached the rank of 1795!
[Rewards]: Nicely done! Josh Broderick just reached the rank of 925!
[Rewards]: Rockin' and rollin' JAG Attorney James Donivan just reached the rank of 1797!
[Rewards] Michael Lawson: almost there!
[Rewards]: he's on it! Jim Green designation just reached the rank of 301!
[Rewards]: Rockin' and rollin' Jim Green designation just reached the rank of 309!
[Rewards]: check him out! Jim Green designation just reached the rank of 314!
[Rewards]: Look at her go! Harlyn Sun just reached the rank of 193!
[Rewards]: Nicely done! Jim Green designation just reached the rank of 317!
[Rewards]: Look at him go! Matt Hunter just reached the rank of 224!
[Rewards]: Look at him go! Matt Hunter just reached the rank of 225!
[rewards] Ellie Sky blue scale joined the channel.
[Rewards]: Sweet! Ellie Sky blue scale just reached the rank of 329!
[Rewards] Jim Green designation: cheer
[Rewards] Jim Green designation cheers!
[Rewards]: Rockin' and rollin' Jim Green designation just reached the rank of 320!
[rewards] Jacob Dark green scale joined the channel.
[Rewards]: check him out! Jim Green designation just reached the rank of 326!
[Rewards]: Rockin' and rollin' Jacob Dark green scale just reached the rank of 338!
[Rewards]: she's on it! Ellie Sky blue scale just reached the rank of 330!
[Rewards]: he's on it! Zinjorg Green scale just reached the rank of 264!
[Rewards]: Look at her go! Ellie Sky blue scale just reached the rank of 331!
[Rewards]: he's on it! Jacob Dark green scale just reached the rank of 345!
[Rewards]: she's on it! Ellie Sky blue scale just reached the rank of 338!
[Rewards]: Look at him go! Matt Hunter just reached the rank of 226!
[Rewards]: check him out! Matt Hunter just reached the rank of 227!
[Rewards]: check him out! David Brooks just reached the rank of 1379!
[Rewards]: Nice! Matt Hunter just reached the rank of 228!
[Rewards]: he's on it! Matt Hunter just reached the rank of 229!
[Rewards]: Sweet! Matt Hunter just reached the rank of 230!
[Rewards]: check him out! Matt Hunter just reached the rank of 231!
[Rewards]: Nicely done! Tannin Azure blue scale just reached the rank of 266!
[Rewards]: Sweet! Jim Green designation just reached the rank of 351!
[Rewards]: Nice! Trista Vinova just reached the rank of 854!
[Rewards]: he's on it! Matt Hunter just reached the rank of 233!
[Rewards]: Sweet! Melody Lawson just reached the rank of 1196!
[Rewards]: Nice! Melody Lawson just reached the rank of 1200!
[Rewards] Jitel Gold scale cheers for Melody Lawson!
[rewards] Syuri Dark green scale left the channel.
[rewards] Ulysses Battleship gray designation joined the channel.
[Rewards]: Sweet! Matt Hunter just reached the rank of 236!
[Rewards]: check her out! Caralee Watson just reached the rank of 1035!
[Rewards]: Look at him go! Matt Hunter just reached the rank of 237!
[Rewards]: Nice! Lydia Gray designation just reached the rank of 61!
[Rewards] Oro Ocean blue designation: yay
[Rewards]: he's on it! Moran Midnight black designation just reached the rank of 376!
[Rewards]: Nice! Moran Midnight black designation just reached the rank of 381!
[Rewards]: he's on it! Moran Midnight black designation just reached the rank of 383!
[Rewards]: Nicely done! Matt Hunter just reached the rank of 238!
[rewards] Ulysses Battleship gray designation left the channel.
[Rewards]: Rockin' and rollin' Matt Hunter just reached the rank of 239!
[rewards] Josh Broderick left the channel.
[Rewards]: check him out! Tannin Azure blue scale just reached the rank of 245!
[Rewards]: Sweet! Matt Hunter just reached the rank of 240!
[Rewards]: check him out! Matt Hunter just reached the rank of 241!
[Rewards]: check her out! MakaChela Hernandez just reached the rank of 545!
[Rewards]: Sweet! Cayley White just reached the rank of 68!
[Rewards]: Nicely done! Gladr Gold scale just reached the rank of 1334!
[Rewards]: Look at him go! Tannin Azure blue scale just reached the rank of 268!
[Rewards]: check him out! Tannin Azure blue scale just reached the rank of 269!
[Rewards]: Rockin' and rollin' Tannin Azure blue scale just reached the rank of 270!
[Rewards]: he's on it! Abdul Rahman just reached the rank of 263!
[Rewards]: Sweet! Jim Green designation just reached the rank of 352!
[Rewards]: Sweet! David Brooks just reached the rank of 1380!
[Rewards]: he's on it! Zoganth Ice blue designation just reached the rank of 68!
[Rewards]: Rockin' and rollin' Ross Brown39557 just reached the rank of 134!
[Rewards]: Sweet! Abdul Rahman just reached the rank of 265!
[Rewards]: Sweet! Zoganth Ice blue designation just reached the rank of 69!
[Rewards]: Nice! Zoganth Ice blue designation just reached the rank of 70!
[Rewards]: Nice! Zoganth Ice blue designation just reached the rank of 71!
[Rewards]: Nice! Zoganth Ice blue designation just reached the rank of 72!
[Rewards]: Nice! Jim Green designation just reached the rank of 353!
[Rewards]: check him out! Zoganth Ice blue designation just reached the rank of 73!
[Rewards]: Sweet! Zoganth Ice blue designation just reached the rank of 74!
[Rewards]: check him out! Zoganth Ice blue designation just reached the rank of 75!
[Rewards]: check him out! Vladimir Dalca just reached the rank of 402!
[Rewards]: Sweet! Susan Guttenburg just reached the rank of 1237!
[Rewards]: Look at him go! Vladimir Dalca just reached the rank of 404!
[Rewards]: Nicely done! Josh Broderick just reached the rank of 927!
[Rewards]: Rockin' and rollin' David Brooks just reached the rank of 1381!
[Rewards]: Sweet! Ellie Sky blue scale just reached the rank of 349!
[Rewards]: Rockin' and rollin' Ellie Sky blue scale just reached the rank of 350!
[Rewards]: Sweet! Ellie Sky blue scale just reached the rank of 351!
[Rewards]: check her out! Ellie Sky blue scale just reached the rank of 352!
[Rewards]: Rockin' and rollin' Ellie Sky blue scale just reached the rank of 353!
[Rewards]: she's on it! Ellie Sky blue scale just reached the rank of 354!
[Rewards]: Rockin' and rollin' Ellie Sky blue scale just reached the rank of 359!
[Rewards]: check her out! Susan Guttenburg just reached the rank of 1257!
[Rewards]: Nicely done! Trista Vinova just reached the rank of 855!
[Rewards]: he's on it! Zoganth Ice blue designation just reached the rank of 76!
[rewards] Josh Broderick joined the channel.
[Rewards]: he's on it! Matt Hunter just reached the rank of 242!
[Rewards]: Rockin' and rollin' Jacob Dark green scale just reached the rank of 350!
[Rewards]: Rockin' and rollin' Matt Hunter just reached the rank of 243!
[Rewards]: Nicely done! Trista Vinova just reached the rank of 856!
[Rewards]: Nice! Jacob Dark green scale just reached the rank of 352!
[Rewards]: check him out! Jacob Dark green scale just reached the rank of 359!
[Rewards]: he's on it! Zoganth Ice blue designation just reached the rank of 77!
[Rewards]: Sweet! Zoganth Ice blue designation just reached the rank of 78!
[Rewards]: Rockin' and rollin' Zoganth Ice blue designation just reached the rank of 79!
[Rewards]: Nice! Zoganth Ice blue designation just reached the rank of 80!
[Rewards]: Sweet! Trista Vinova just reached the rank of 857!
[Rewards]: she's on it! Caralee Watson just reached the rank of 1036!
[Rewards]: Nice! Ross Brown39557 just reached the rank of 135!
[Rewards]: Nice! Jim Green designation just reached the rank of 354!
[Rewards]: check him out! Jim Green designation just reached the rank of 359!
[Rewards]: Rockin' and rollin' Ross Brown39557 just reached the rank of 136!
[Rewards]: Nicely done! Caralee Watson just reached the rank of 1037!
[Rewards]: Rockin' and rollin' Madeline Olivier just reached the rank of 524!
[Rewards]: Sweet! Ehpus Out of Komarova just reached the rank of 26!
[Rewards]: Look at him go! Josh Broderick just reached the rank of 928!
[Rewards]: he's on it! David Brooks just reached the rank of 1389!
[Rewards]: Rockin' and rollin' Firaliana Peach scale just reached the rank of 223!
[Rewards]: Nicely done! Firaliana Peach scale just reached the rank of 225!
[Rewards]: Rockin' and rollin' Jim Green designation just reached the rank of 361!
[Rewards]: Sweet! Jim Green designation just reached the rank of 416!
[Rewards]: Nicely done! Jim Green designation just reached the rank of 421!
[Rewards]: check her out! A beautiful owl named Fyra just reached the rank of 945!
[Rewards]: she's on it! Caralee Watson just reached the rank of 1068!
[Rewards]: Nicely done! Matt Hunter just reached the rank of 244!
[Rewards]: Nice! Matt Hunter just reached the rank of 245!
[Rewards]: he's on it! Shrotdanger Emerald designation just reached the rank of 52!
[Rewards]: Nice! Shrotdanger Emerald designation just reached the rank of 52!
[Rewards]: Look at him go! Matt Hunter just reached the rank of 246!
[Rewards]: Nice! Matt Hunter just reached the rank of 247!
[Rewards]: Nicely done! Mike-tan Yellow scale just reached the rank of 33!
[Rewards]: Nicely done! Trista Vinova just reached the rank of 858!
[Rewards]: Nicely done! Melody Lawson just reached the rank of 1202!
[Rewards]: Look at her go! Trista Vinova just reached the rank of 859!
[Rewards]: Nice! Philip Williamson just reached the rank of 1108!
[Rewards]: Look at him go! Shrotdanger Emerald designation just reached the rank of 56!
[Rewards]: Sweet! Abdul Rahman just reached the rank of 266!
[Rewards]: check him out! Matt Hunter just reached the rank of 248!
[Rewards]: Rockin' and rollin' Caralee Watson just reached the rank of 1097!
[Rewards]: Rockin' and rollin' Jacob Dark green scale just reached the rank of 360!
[Rewards]: Rockin' and rollin' Trista Vinova just reached the rank of 860!
[Rewards]: Nice! Jacob Dark green scale just reached the rank of 367!
[Rewards]: Sweet! Trista Vinova just reached the rank of 861!
[Rewards]: Look at him go! Jacob Dark green scale just reached the rank of 370!
[Rewards]: Look at her go! Harlyn Sun just reached the rank of 195!
[Rewards]: Rockin' and rollin' Harlyn Sun just reached the rank of 197!
[Rewards]: Nicely done! Matt Hunter just reached the rank of 249!
[Rewards]: Nicely done! Matt Hunter just reached the rank of 250!
[Rewards]: Nicely done! A male bat named Joyeux just reached the rank of 360!
[Rewards]: Nice! Harlyn Sun just reached the rank of 199!
[Rewards]: Rockin' and rollin' Cayley White just reached the rank of 71!
[Rewards]: Sweet! Harlyn Sun just reached the rank of 201!
[Rewards]: Look at him go! Shrotdanger Emerald designation just reached the rank of 59!
[Rewards]: Rockin' and rollin' Shrotdanger Emerald designation just reached the rank of 60!
[Rewards]: Nice! Caralee Watson just reached the rank of 1112!
[Rewards]: Nicely done! A ball of slime named Joyeux just reached the rank of 361!
[Rewards]: Nice! Ellie Sky blue scale just reached the rank of 366!
[Rewards]: Nicely done! Ellie Sky blue scale just reached the rank of 372!
[Rewards]: Nicely done! Shrotdanger Emerald designation just reached the rank of 203!
[Rewards]: Look at her go! Ehpus Out of Komarova just reached the rank of 38!
[Rewards]: she's on it! Susan Guttenburg just reached the rank of 1262!
[Rewards]: she's on it! Ehpus Out of Komarova just reached the rank of 42!
[Rewards]: check him out! Matt Hunter just reached the rank of 253!
[Rewards]: Nice! Moran Midnight black designation just reached the rank of 430!
[rewards] Syuri Dark green scale joined the channel.
[Rewards]: she's on it! Ehpus Out of Komarova just reached the rank of 47!
[Rewards]: he's on it! Matt Hunter just reached the rank of 254!
[Rewards]: Rockin' and rollin' Matt Hunter just reached the rank of 255!
[Rewards]: Nice! David Brooks just reached the rank of 1401!
[Rewards]: she's on it! Syuri Dark green scale just reached the rank of 1132!
[Rewards]: Rockin' and rollin' Matt Hunter just reached the rank of 256!
[Rewards]: he's on it! MI Corporal Vazbol just reached the rank of 1027!
[Rewards]: Sweet! Ross Brown39557 just reached the rank of 138!
[Rewards]: Look at him go! MI Corporal Vazbol just reached the rank of 1028!
[Rewards]: check him out! MI Corporal Vazbol just reached the rank of 1035!
[Rewards]: Nice! Pheerblue Baby blue scale just reached the rank of 1584!
[Rewards]: Nicely done! Trista Vinova just reached the rank of 862!
[Rewards]: he's on it! Zinjorg Green scale just reached the rank of 265!
[Rewards]: he's on it! MI Corporal Vazbol just reached the rank of 1036!
[Rewards]: Rockin' and rollin' Josh Broderick just reached the rank of 930!
[Rewards]: Nicely done! JAG Attorney James Donivan just reached the rank of 1801!
[Rewards]: Rockin' and rollin' Matt Hunter just reached the rank of 257!
[Rewards]: Nice! Zinjorg Green scale just reached the rank of 271!
[Rewards]: check him out! Denny Chandler just reached the rank of 917!
[Rewards]: Rockin' and rollin' Harlyn Sun just reached the rank of 202!
[Rewards]: Look at her go! Firaliana Peach scale just reached the rank of 226!
[Rewards]: Nicely done! Matt Hunter just reached the rank of 258!
[Rewards]: Nicely done! Matt Hunter just reached the rank of 259!
[Rewards]: she's on it! Harlyn Sun just reached the rank of 203!
[Rewards]: Sweet! Matt Hunter just reached the rank of 260!
[Rewards]: check him out! Abdul Rahman just reached the rank of 268!
[Rewards]: Nicely done! Harlyn Sun just reached the rank of 205!
[Rewards]: Look at her go! Trista Vinova just reached the rank of 863!
[Rewards]: Rockin' and rollin' Josh Broderick just reached the rank of 939!
[Rewards]: Look at him go! Philip Williamson just reached the rank of 1111!
[Rewards]: Rockin' and rollin' Abel Vargas just reached the rank of 268!
[Rewards]: he's on it! Matt Hunter just reached the rank of 261!
[Rewards]: Nice! Matt Hunter just reached the rank of 262!
[Rewards]: Nicely done! Jim Green designation just reached the rank of 422!
[Rewards]: Look at him go! Jim Green designation just reached the rank of 475!
[Rewards]: Nice! Jim Green designation just reached the rank of 477!
[Rewards] Emilee Hamilton: nice!
[Rewards] Michael Lawson: what
[Rewards] Emilee Hamilton: Jim!
[Rewards]: Rockin' and rollin' Pheerblue Baby blue scale just reached the rank of 1603!
[Rewards]: Nice! A  lioness named Camille just reached the rank of 209!
[Rewards]: check her out! Kinzi Shimmering blue scale just reached the rank of 1082!
[Rewards]: he's on it! David Brooks just reached the rank of 1422!
[Rewards]: Look at her go! MI Private Yivana Midnight blue designation just reached the rank of 1068!
[Rewards]: Sweet! Caralee Watson just reached the rank of 1184!
[Rewards]: Look at her go! Caralee Watson just reached the rank of 1185!
[Rewards]: Nicely done! Matt Hunter just reached the rank of 280!
[Rewards]: Nice! David Brooks just reached the rank of 1432!
[Rewards]: Nicely done! Ross Brown39557 just reached the rank of 186!
[rewards] HTPL Olivia Bronze scale joined the channel.
[Rewards]: he's on it! Oro Ocean blue designation just reached the rank of 302!
[Rewards]: Nicely done! Firaliana Peach scale just reached the rank of 269!
[Rewards]: Nice! Firaliana Peach scale just reached the rank of 270!
[Rewards]: Nice! Ross Brown39557 just reached the rank of 190!
[Rewards]: Nice! Firaliana Peach scale just reached the rank of 271!
[Rewards]: Look at her go! Laura Winfield just reached the rank of 4!
[Rewards]: Look at him go! Philip Williamson just reached the rank of 1137!
[Rewards]: Rockin' and rollin' Philip Williamson just reached the rank of 1139!
[Rewards]: Look at her go! Trista Vinova just reached the rank of 870!
[Rewards]: she's on it! Trista Vinova just reached the rank of 871!
[Rewards]: Nice! Philip Williamson just reached the rank of 1143!
[Rewards]: Sweet! Jim Green designation just reached the rank of 541!
[Rewards]: he's on it! Jerore Sonders just reached the rank of 112!
[Rewards]: check him out! Matt Hunter just reached the rank of 281!
[Rewards]: Rockin' and rollin' Philip Williamson just reached the rank of 1147!
[Rewards]: Sweet! Philip Williamson just reached the rank of 1149!
[Rewards]: Nicely done! Philip Williamson just reached the rank of 1153!
[Rewards]: Look at her go! Caralee Watson just reached the rank of 1191!
[Rewards]: Sweet! Matt Hunter just reached the rank of 286!
[Rewards]: Rockin' and rollin' Matt Hunter just reached the rank of 296!
[Rewards]: check him out! Matt Hunter just reached the rank of 298!
[Rewards]: Look at him go! Matt Hunter just reached the rank of 299!
[Rewards]: Nicely done! Matt Hunter just reached the rank of 301!
[Rewards]: Rockin' and rollin' Zinjorg Green scale just reached the rank of 353!
[Rewards]: he's on it! A human named Matwin just reached the rank of 1702!
[Rewards]: Nice! A human named Matwin just reached the rank of 1703!
[Rewards]: she's on it! Laura Winfield just reached the rank of 15!
[Rewards]: check him out! A human named Matwin just reached the rank of 1705!
[Rewards]: Look at him go! A human named Matwin just reached the rank of 1706!
[Rewards]: Rockin' and rollin' Laura Winfield just reached the rank of 16!
[Rewards]: he's on it! A human named Matwin just reached the rank of 1708!
[Rewards]: he's on it! A human named Matwin just reached the rank of 1709!
[Rewards]: Rockin' and rollin' Laura Winfield just reached the rank of 19!
[Rewards]: Nicely done! David Brooks just reached the rank of 1440!
[Rewards]: check her out! A ball of slime named Tracy just reached the rank of 67!
[Rewards]: Sweet! Zinjorg Green scale just reached the rank of 354!
[Rewards]: he's on it! Aldwyn Warren just reached the rank of 524!
[Rewards]: Look at her go! Kinzi Shimmering blue scale just reached the rank of 1083!
[Rewards]: he's on it! Ross Brown39557 just reached the rank of 191!
[rewards] HTPL Dealan Silver scale joined the channel.
[Rewards]: Nicely done! Philip Williamson just reached the rank of 1154!
[Rewards]: Nice! Philip Williamson just reached the rank of 1166!
[Rewards]: Nicely done! Vladimir Dalca just reached the rank of 409!
[Rewards]: Look at him go! Vladimir Dalca just reached the rank of 411!
[Rewards]: Nicely done! Hunter Trask just reached the rank of 224!
[Rewards]: he's on it! Zinjorg Green scale just reached the rank of 372!
[Rewards]: Nice! A human named Matwin just reached the rank of 1733!
[Rewards]: Look at him go! Jim Green designation just reached the rank of 543!
[Rewards]: he's on it! Matt Hunter just reached the rank of 302!
[Rewards]: Nicely done! Firaliana Peach scale just reached the rank of 292!
[Rewards]: Nice! SDL Private Akasha Blake just reached the rank of 1278!
[Rewards]: Sweet! SDL Private Akasha Blake just reached the rank of 1279!
[Rewards]: Nice! SDL Private Akasha Blake just reached the rank of 1280!
[Rewards]: Nice! SDL Private Akasha Blake just reached the rank of 1285!
[Rewards]: Sweet! Galina Rose designation just reached the rank of 20!
[Rewards]: Nicely done! Jannie Silent183708 just reached the rank of 7!
[Rewards]: Nicely done! Lydia Gray designation just reached the rank of 62!
[Rewards] A cute little tabby named Rainbow: nice
[Rewards]: she's on it! Xyra Hance just reached the rank of 4!
[Rewards]: Look at him go! David Brooks just reached the rank of 1444!
[Rewards]: Rockin' and rollin' Nathaniel Yellow designation just reached the rank of 216!
[Rewards]: Rockin' and rollin' Xyra Hance just reached the rank of 5!
[Rewards]: check him out! Nathaniel Yellow designation just reached the rank of 219!
[Rewards]: check her out! Trista Vinova just reached the rank of 880!
[Rewards]: Rockin' and rollin' Trista Vinova just reached the rank of 881!
[Rewards]: Nice! Trista Vinova just reached the rank of 882!
[Rewards]: check him out! Josh Hill just reached the rank of 7!
[Rewards]: Nicely done! A human named Matwin just reached the rank of 1749!
[Rewards]: Nice! Josh Hill just reached the rank of 8!
[Rewards]: Sweet! A  lioness named Camille just reached the rank of 220!
[Rewards]: Look at her go! Yaslene Webster just reached the rank of 288!
[Rewards]: Rockin' and rollin' Jannie Silent183708 just reached the rank of 8!
[Rewards]: Sweet! Jannie Silent183708 just reached the rank of 9!
[Rewards]: Look at him go! Nathaniel Yellow designation just reached the rank of 221!
[Rewards]: Sweet! Jannie Silent183708 just reached the rank of 10!
[Rewards]: Sweet! Nelson Orange scale just reached the rank of 526!
[Rewards]: Sweet! Angel Celestial blue scale just reached the rank of 508!
[Rewards]: Nicely done! Angel Celestial blue scale just reached the rank of 509!
[Rewards]: she's on it! Emilee Hamilton just reached the rank of 308!
[rewards] Michael Lawson joined the channel.
[Rewards]: Nicely done! Miah Thompson just reached the rank of 26!
[Rewards]: Rockin' and rollin' Jason Hamilton just reached the rank of 370!
[Rewards]: Sweet! David Brooks just reached the rank of 1458!
[Rewards]: he's on it! Jannie Silent183708 just reached the rank of 11!
[Rewards]: Nicely done! Angel Celestial blue scale just reached the rank of 510!
[rewards] HTPL Dealan Silver scale left the channel.
[Rewards]: Look at him go! Jannie Silent183708 just reached the rank of 15!
[Rewards]: Nice! David Brooks just reached the rank of 1471!
[Rewards]: she's on it! Firaliana Peach scale just reached the rank of 302!
[Rewards] Firaliana Peach scale: Woohoo! Yaaaaay!
[Rewards]: he's on it! A large wolf named Josh just reached the rank of 27!
[Rewards]: check her out! Trista Vinova just reached the rank of 885!
[Rewards]: Rockin' and rollin' Jason Hamilton just reached the rank of 372!
[Rewards]: he's on it! Hugo Black scale just reached the rank of 1119!
[Rewards]: check him out! Adam Smith just reached the rank of 328!
[Rewards]: Nice! Josh Hill just reached the rank of 12!
[Rewards]: check him out! Retired JAG Barrister Michael Lawson just reached the rank of 2006!
[rewards] Shiela Knight left the channel.
[Rewards]: Look at him go! Oro Ocean blue designation just reached the rank of 305!
[Rewards] Lydia Gray designation: sweet!
[Rewards] Emilee Hamilton: nice, you two!
[Rewards] Oro Ocean blue designation: thanks
[Rewards]: Nicely done! David Brooks just reached the rank of 1479!
[Rewards]: Nicely done! Lydia Gray designation just reached the rank of 66!
[Rewards]: check her out! Trista Vinova just reached the rank of 887!
[Rewards]: check her out! Xyra Hance just reached the rank of 13!
[Rewards]: Nicely done! Josh Hill just reached the rank of 22!
[Rewards]: check him out! Josh Hill just reached the rank of 25!
[Rewards]: Nicely done! Vladimir Dalca just reached the rank of 421!
[Rewards]: Sweet! Josh Hill just reached the rank of 31!
[Rewards]: Nice! Jacob Dark green scale just reached the rank of 458!
[Rewards]: Look at him go! Adam Smith just reached the rank of 329!
[Rewards]: Nicely done! Caralee Watson just reached the rank of 1234!
[Rewards]: Sweet! David Brooks just reached the rank of 1494!
[Rewards]: Sweet! Aleigh Sortia just reached the rank of 2!
[Rewards]: he's on it! Philip Williamson just reached the rank of 1182!
