[Brag] David Brooks: I have found 0.0 planetoid chunks.
[Brag] Philip Williamson: I have 102,784,344,270,917,456.0 credits.
[Brag] Syuri Dark green scale joined the channel.
[Brag] Frederick Barnes131439 joined the channel.
[Brag] Frederick Barnes131439: I have utterly obliterated 101819 ship kills.
[Brag] Frederick Barnes131439: I have killed 25361 ground units.
[Brag] Frederick Barnes131439: I have contributed 139 ideas to the game.
[Brag] Courtney Mayes: I have killed 437 ground units.
[Brag] Courtney Mayes: I have utterly obliterated 963 ship kills.
[Brag] Frederick Barnes131439: I have died 47 times.
[Brag] Courtney Mayes: I have died 22 times.
[Brag] Frederick Barnes131439: I have bugged the hosts with 177 reports.
[Brag] Frederick Barnes131439: I have found 262246.0 planetoid chunks.
[Brag] Syuri Dark green scale: I have died 33 times.
[Brag] Grake Donoven: I have died 57 times.
[Brag] Philip Williamson: I have died 13 times.
[Brag] Syuri Dark green scale: I have bugged the hosts with 66 reports.
[Brag] Frederick Barnes131439: I have earned the ship medal Death to the enemies!
[Brag] Syuri Dark green scale: I have earned the ship medal Can't hit the backside of an elephant.
[Brag] Syuri Dark green scale: I have contributed 79 ideas to the game.
[Brag] Syuri Dark green scale: I have assisted 0 times.
[Brag] Frederick Barnes131439: I have assisted 31 times.
[Brag] Jason Blaze: I have died 29 times.
[Brag] Syuri Dark green scale: I am level 1120.
[Brag] Frederick Barnes131439: I am level 2781.
[Brag] Frederick Barnes131439 left the channel.
[Brag] Syuri Dark green scale: I have killed 25 ground units.
[Brag] Hugo Black scale: I have died 48 times.
[Brag] Zinjorg Green scale: I have gifted 0 newbiedudes.
[Brag] Philip Williamson: I have gifted 2 newbiedudes.
[Brag] Retired JAG Barrister Michael Lawson: I have utterly obliterated 2817 ship kills.
[Brag] SDL recruit Stormy White scale: I have earned the ship medal Once in a blue moon shooter.
[Brag] Jerore Sonders: I have contributed 32 ideas to the game.
[Brag] Jerore Sonders: I have gifted 241 newbiedudes.
[Brag] Grake Donoven: I have gifted 11 newbiedudes.
[Brag] Gladr Gold scale: I have bugged the hosts with 70 reports.
[Brag] Nakon Nasaria: I have bugged the hosts with 57 reports.
[Brag] Zinjorg Green scale: I have bugged the hosts with 8 reports.
[Brag] Lucy Adams: I have bugged the hosts with 1 reports.
[Brag] Syuri Dark green scale left the channel.
[Brag] Gladr Gold scale: I have died 45 times.
[Brag] Gladr Gold scale: I have died 46 times.
[Brag] Gladr Gold scale: I have bugged the hosts with 71 reports.
[Brag] Jerore Sonders: I have contributed 32 ideas to the game.
[Brag] Nakon Nasaria: I have contributed 48 ideas to the game.
[Brag] MI Lance Corporal Jitel Gold scale: I have gifted 700 newbiedudes.
[Brag] MI Lance Corporal Jitel Gold scale: I have 153,578,530,946,741,248.0 credits.
[Brag] Nakon Nasaria: I have 608,097,017,003,691.0 credits.
[Brag] Nakon Nasaria: I am level 1361.
[Brag] MI Lance Corporal Jitel Gold scale: I have gifted 706 newbiedudes.
[Brag] Tobias Guttenburg joined the channel.
[Brag] Susan Guttenburg joined the channel.
[Brag] Susan Guttenburg left the channel.
[Brag] Tobias Hamilton: I have gifted 0 newbiedudes.
[Brag] Jerore Sonders: I have gifted 257 newbiedudes.
[Brag] Grake Donoven: I have gifted 14 newbiedudes.
[Brag] Jerore Sonders: I am level 109.
[Brag] Hugo Black scale: I have gifted 564 newbiedudes.
[Brag] Tobias Guttenburg: I have gifted 387 newbiedudes.
[Brag] Muhammad Gagah: I have gifted 0 newbiedudes.
[Brag] Hugo Black scale: I am level 1110.
[Brag] MI Lance Corporal Jitel Gold scale: I have gifted 713 newbiedudes.
[Brag] SDL recruit Stormy White scale: I have gifted 761 newbiedudes.
[Brag] Jim Green designation: I have gifted 0 newbiedudes.
[Brag] Jim Green designation: I have 7,310,208,661,754.3 credits.
[Brag] JAG Attorney James Donivan: I have 433,062,106,487,512,896.0 credits.
[Brag] MI Lance Corporal Jitel Gold scale: I have 143,939,154,938,201,680.0 credits.
[Brag] David Brooks: I have 21,140,624,002,118,520.0 credits.
[Brag] Olivia Bronze scale joined the channel.
[Brag] Olivia Bronze scale: I have gifted 225 newbiedudes.
[Brag] Gladr Gold scale: I have gifted 253 newbiedudes.
[Brag] Olivia Bronze scale left the channel.
[Brag] Zinjorg Green scale joined the channel.
[Brag] Zinjorg Green scale: I have helped defend from 4 air pods.
[Brag] Zinjorg Green scale: I have helped defend from 11 air pods.
[Brag] Josh Broderick left the channel.
[Brag] Philip Williamson: I have utterly obliterated 3402 ship kills.
[Brag] JAG Attorney James Donivan: I have utterly obliterated 56804 ship kills.
[Brag] Zinjorg Green scale: I have helped defend from 14 air pods.
[Brag] JAG Attorney James Donivan: Don't mess with me, I've already shot down 104 air enemies!
[Brag] JAG Attorney James Donivan: I have helped defend from 4 air pods.
[Brag] JAG Attorney James Donivan: I have earned the ship medal Ship hull hulk.
[Brag] MI Lance Corporal Jitel Gold scale: I have earned the ship medal Can't hit the backside of an elephant.
[Brag] Jim Green designation: I am level 352.
[Brag] David Brooks: I am level 1380.
[Brag] MI Lance Corporal Jitel Gold scale: I have gifted 724 newbiedudes.
[Brag] Snapp Blue scale joined the channel.
[Brag] Snapp Blue scale: I have 233,839,926,565,603,296.0 credits.
[Brag] Josh Broderick joined the channel.
[Brag] Senator Alisha Kaieri: I have an assist rating of 4.
[Brag] Senator Alisha Kaieri: I have an assist rating of 9.
[Brag] Snapp Blue scale: I have assisted 44 times.
[Brag] Jim Green designation: I have assisted 2 times.
[Brag] Senator Alisha Kaieri: I have helped 1 players in assists.
[Brag] Jim Green designation: I have died 7 times.
[Brag] Parias Hollan: I have helped 0 players in assists.
[Brag] Star Admiral Brandon Red designation joined the channel.
[Brag] Star Admiral Brandon Red designation: I have assisted 1 times.
[Brag] Olivia Bronze scale joined the channel.
[Brag] Olivia Bronze scale: I have assisted 16 times.
[Brag] Star Admiral Brandon Red designation: I have helped 0 players in assists.
[Brag] Parias Hollan: I have helped 0 players in assists.
[Brag] Jerore Sonders left the channel.
[Brag] Hunter Trask joined the channel.
[Brag] Senator Alisha Kaieri: I have an assist rating of 9.
[Brag] Hunter Trask: I have assisted 0 times.
[Brag] Gladr Gold scale: I have assisted 8 times.
[Brag] Star Admiral Brandon Red designation: I have an assist rating of 9.
[Brag] Olivia Bronze scale: I have gifted 230 newbiedudes.
[Brag] Star Admiral Brandon Red designation: I have gifted 1 newbiedudes.
[Brag] Snapp Blue scale: I have gifted 60 newbiedudes.
[Brag] Parias Hollan: I have an assist rating of 8.
[Brag] Jim Green designation: I have contributed 0 ideas to the game.
[Brag] Star Admiral Brandon Red designation: I have contributed 4 ideas to the game.
[Brag] Gladr Gold scale: I have contributed 80 ideas to the game.
[Brag] Star Admiral Brandon Red designation left the channel.
[Brag] Hunter Trask: I have contributed 8 ideas to the game.
[Brag] Hunter Trask: I have gifted 2 newbiedudes.
[Brag] Hunter Trask left the channel.
[Brag] MI Lance Corporal Jitel Gold scale: I have gifted 726 newbiedudes.
[Brag] Snapp Blue scale left the channel.
[Brag] Gladr Gold scale left the channel.
[Brag] Olivia Bronze scale left the channel.
[Brag] MI Lance Corporal Jitel Gold scale: I have 147,751,482,354,408,000.0 credits.
[Brag] larger embahi: I have helped 3 players in assists.
[Brag] Grake Donoven: I have gifted 25 newbiedudes.
[Brag] MI Lance Corporal Jitel Gold scale: I have gifted 742 newbiedudes.
[Brag] Your worst nightmare, realized joined the channel.
[Brag] Your worst nightmare, realized: I have helped 0 players in assists.
[Brag] Your worst nightmare, realized: I have an assist rating of 8.
[Brag] a weather god: I have helped 4 players in assists.
[Brag] Senator Dianne Sholtz: I have an assist rating of 9.
[Brag] Josh Broderick: I have lost 258922.0 planetoid chunks.
[Brag] Josh Broderick: I have gifted 5 newbiedudes.
[Brag] Jerore Sonders joined the channel.
[Brag] Jerore Sonders: I have contributed 43 ideas to the game.
[Brag] Hugo Black scale: I have bugged the hosts with 12 reports.
[Brag] Izik Sondro: I have bugged the hosts with 124 reports.
[Brag] SDF chief medic Andrea Rimirez joined the channel.
[Brag] SDF chief medic Andrea Rimirez: I have bugged the hosts with 29 reports.
[Brag] Laura Winfield left the channel.
[Brag] SDF chief medic Andrea Rimirez: I have died 18 times.
[Brag] Hugo Black scale: I am level 1116.
[Brag] David Brooks: I am level 1434.
[Brag] Izik Sondro: I have assisted 42 times.
[Brag] SDF chief medic Andrea Rimirez: I have assisted 36 times.
[Brag] Philip Williamson: I have bugged the hosts with 68 reports.
[Brag] Philip Williamson: I have assisted 25 times.
[Brag] David Brooks: I am level 1434.
[Brag] Izik Sondro: I have contributed 253 ideas to the game.
[Brag] Hugo Black scale: I have assisted 22 times.
[Brag] Philip Williamson: I am level 1153.
[Brag] Izik Sondro: I have found 24715.0 planetoid chunks.
[Brag] David Brooks: I have died 21 times.
[Brag] Izik Sondro: I have lost 83346.0 planetoid chunks.
[Brag] Philip Williamson: I have died 17 times.
[Brag] Izik Sondro: I am level 629.
[Brag] SDF chief medic Andrea Rimirez: I have gifted 1 newbiedudes.
[Brag] Zinjorg Green scale: I have died 21 times.
[Brag] Hugo Black scale: I have found 134328.0 planetoid chunks.
[Brag] Izik Sondro: I have died 23 times.
[Brag] Hugo Black scale: I have lost 234749.0 planetoid chunks.
[Brag] Vladimir Dalca joined the channel.
[Brag] Vladimir Dalca: I have assisted 6 times.
[Brag] Hugo Black scale: I have earned the ship medal Deniable doughnut.
[Brag] Zinjorg Green scale: I have assisted 0 times.
[Brag] Izik Sondro: I have earned the ship medal Can't hit the backside of an elephant.
[Brag] Zinjorg Green scale: I have helped defend from 14 air pods.
[Brag] SDF chief medic Andrea Rimirez: I have 587,468,544,801,111.2 credits.
[Brag] Hugo Black scale: I have 82,981,942,990,310.8 credits.
[Brag] Izik Sondro: I have utterly obliterated 2049 ship kills.
[Brag] Vladimir Dalca: I have 1,037,887,600,720,336.1 credits.
[Brag] Steve Dave: I have 174,998,432,213,347.1 credits.
[Brag] MI Lance Corporal Jitel Gold scale: I have gifted 803 newbiedudes.
[Brag] Jerore Sonders: I have gifted 450 newbiedudes.
[Brag] Zinjorg Green scale: I have gifted 3 newbiedudes.
[Brag] JAG Attorney James Donivan: I have gifted 15 newbiedudes.
[Brag] Hugo Black scale: I have 82,968,712,439,102.8 credits.
[Brag] JAG Attorney James Donivan: I have 424,310,131,048,910,272.0 credits.
[Brag] Retired JAG Barrister Michael Lawson: I have gifted 97 newbiedudes.
[Brag] Hugo Black scale: I have died 48 times.
[Brag] Muhammad Gagah: I have 14,026,665,131,008,918.0 credits.
[Brag] JAG Attorney James Donivan: I have died 97 times.
[Brag] MI Lance Corporal Jitel Gold scale: I have bugged the hosts with 40 reports.
[Brag] JAG Attorney James Donivan: I have bugged the hosts with 119 reports.
[Brag] Zinjorg Green scale: I have bugged the hosts with 9 reports.
[Brag] Muhammad Gagah: I have gifted 1 newbiedudes.
[Brag] Lydia Paxton: I have gifted 242 newbiedudes.
[Brag] Lydia Paxton: I have lost 137061.0 planetoid chunks.
