[Movement] Gulliver Brick red scale in a growl: alpha 1 state your location.
[Movement] A merchant ship captain: This is merchant ship captain for SDF Troop Transportation Ship Alpha 5, we are currently located at Calira Dura**9*1;  Visitors Access at coordinates: 55, 100, 25.
[Movement] Gladr Gold scale in a deep melodic thrum: Alpha1, state your location.
[Movement] A maintenance member: This is maintenance member for Battle Station Alpha1, we are currently located at Sector 01 at coordinates: 0, -500, -100.
[Movement] Gladr Gold scale in a deep melodic thrum: Thank you. Now listen up next time, please, sir.
[Movement] Gulliver Brick red scale in a growl: thanks gladr, I actually saw it just as I was requesting that info.
[Movement] Gladr Gold scale in a deep melodic thrum: of course. Though I think it should be noted. You can actually rift to it without asking them where it is.
[Movement] Gulliver Brick red scale in a growl: indeed, sometimes I do forget this.
[Movement] Tobias Guttenburg: wow, you can?
[Movement] Gladr Gold scale in a deep melodic thrum: you can.
[Movement] Tobias Guttenburg: ah, thanks.
[Movement] MI Private Yivana Midnight blue designation in a firm, authoritative chitter: casino, state your location.
[Movement] A Casino Representative: This is Casino Representative for Casino Goldenpaw, The Ship Of Endless Gambling, we are currently located at Sector 08 at coordinates: 0, 0, -50.
[Movement] Josh Broderick: alpha 5, state your location.
[Movement] A merchant ship captain: This is merchant ship captain for SDF Troop Transportation Ship Alpha 5, we are currently located at Goscro Krah;  Landing Pad at coordinates: 143, 423, 200.
[Movement] Josh Broderick: alpha, state your location.
[Movement] A merchant ship captain: This is merchant ship captain for SDF Troop Transportation Ship Alpha 5, we are currently located at Goscro Krah;  Landing Pad at coordinates: 143, 423, 200.
[Movement] Josh Broderick: alpha 5, state your location.
[Movement] A merchant ship captain: This is merchant ship captain for SDF Troop Transportation Ship Alpha 5, we are currently located at Goscro Krah;  Landing Pad at coordinates: 143, 423, 200.
[Movement] Josh Broderick: alpha 2, state your location.
[Movement] A merchant ship captain: This is merchant ship captain for SDF Troop Transportation Ship Alpha 5, we are currently located at Goscro Krah;  Landing Pad at coordinates: 143, 423, 200.
[Movement] Caralee Watson in a silvery, Oxford-inflected tone: Gama5, state your position.
[Movement] Caralee Watson in a silvery, Oxford-inflected tone: Omega4, state your location.
[Movement] Caralee Watson in a silvery, Oxford-inflected tone: omega4 state your location.
[Movement] Caralee Watson in a silvery, Oxford-inflected tone: omega4, state your location.
[Movement] Gladr Gold scale in a deep melodic thrum: Alpha5, state your location.
[Movement] A maintenance member: This is maintenance member for Battle Station Alpha5, we are currently located at Sector 21 at coordinates: 0, -500, -100.
[Movement] Gladr Gold scale in a deep melodic thrum: Beta5, state your location.
[Movement] Philip Williamson: alpha3 state your location.
[Movement] A maintenance member: This is maintenance member for Battle Station Alpha3, we are currently located at Sector 11 at coordinates: 0, -500, -100.
[Movement] Philip Williamson: alpha3, state your location.
[Movement] A maintenance member: This is maintenance member for Battle Station Alpha3, we are currently located at Sector 11 at coordinates: 0, -500, -100.
[Movement] MI Lance Corporal Jitel Gold scale in a growl: Alpha1, state your location.
[Movement] A maintenance member: This is maintenance member for Battle Station Alpha1, we are currently located at Sector 01 at coordinates: 0, -828, -100.
[Movement] MI Lance Corporal Jitel Gold scale in a growl: Alpha1, state your location.
[Movement] A maintenance member: This is maintenance member for Battle Station Alpha1, we are currently located at Sector 01 at coordinates: 0, -858, -100.
[Movement] JAG Attorney James Donivan: captain for gamma 5, stop sitting on your lazy fat butt, actually move. There's no reason for you to spend 7 minutes at a stop. You're the only public transport to my factory, and the best you can do is make anyone who uses your ship to get here wait an hour for the privillage of using your ship.
[Movement] Philip Williamson: captain for omega4, you'd learn something to, fly that ship, for the love of god!
[Movement] JAG Attorney James Donivan: gamma 5, state your location.
[Movement] A merchant ship captain: This is merchant ship captain for Merchant Ship Gamma 5, we are currently located at Jump Space at coordinates: -100, -100, -100.
[Movement] Oro Ocean blue designation in a chitter: garry where are you?
[Movement] Josh Broderick: alpha5, state your location.
[Movement] A maintenance member: This is maintenance member for Battle Station Alpha5, we are currently located at Sector 21 at coordinates: 0, -6792, -100.
[Movement] Quentin Waters in a smooth Orialian baritone: Cascino, state your location.
[Movement] Quentin Waters in a smooth Orialian baritone: Casino, state your location, please.
[Movement] A Casino Representative: This is Casino Representative for Casino Goldenpaw, The Ship Of Endless Gambling, we are currently located at Sector 02 at coordinates: 0, 0, -50.
[Movement] Quentin Waters in a smooth Orialian baritone: cheers.
[Movement] Tannin Azure blue scale in a growl: alph1, state your location.
[Movement] Tannin Azure blue scale in a growl: alpha1, state your location.
[Movement] Jason Hamilton in a warm, ritch bass with a slight hint of a southern drawl: alpha 1, state your location.
[Movement] A merchant ship captain: This is merchant ship captain for SDF Troop Transportation Ship Alpha 5, we are currently located at Star Command;  Tube Alpha at coordinates: 221, 80, 50.
[Movement] A maintenance member: This is maintenance member for Battle Station Alpha1, we are currently located at Sector 01 at coordinates: 0, 489, -100.
