[Socials] Katrin Green designation laughs.
[Socials] Matt Hunter: test
[Socials] Jessabelle Out of Komarova: yup!
[Socials] A cute little tabby named Vazbol squares up with A cute little tabby named Vazbol and punches him once, twice, and comes up with a devistating kick to the solarplexus, leaving him stunned.
[Socials] HTPL Gladr Gold scale cuddles A cute little tabby named Vazbol.
[Socials] A cute little tabby named Vazbol: Sorry, needed to slay my evil twin.
[Socials] HTPL Gladr Gold scale: I see.
[Socials] Steve Dave introduces himself to Emilee Hamilton as bob bobski.
[socials] Jason Hamilton left the channel.
[socials] HTPL Olivia Bronze scale left the channel.
[socials] Jitel Gold scale joined the channel.
[Socials] Jitel Gold scale screams at Jitel Gold scale to work on clanclanclanclanclanclans!
[Socials] A cute little tabby named Vazbol bounds into the room, slaps several people on the rump before leaping on to the table and proudly showing everyone how gloriously naked he is.
[Socials] Jason Hamilton places a death cow in a tee, takes a few steps back, then a few more and decides to put on a steel-toed boot. Runnning like a freight train he punts the death cow high into the air! moooo mOooOO MOoOOOoO MOOOOOO MooOoOO mOoooOO mooo Michael Lawson gets squished by the obviously uncatchable death cow! #3k.
[Socials] HTPL Gladr Gold scale: I didn't need to see that, Vaz.
[Socials] HTPL Gladr Gold scale squares up with A cute little tabby named Vazbol and punches him once, twice, and comes up with a devistating kick to the solarplexus, leaving him stunned.
[Socials] Jason Hamilton publically murders HTPL Gladr Gold scale.
[Socials] HTPL Gladr Gold scale brags that he has a bigger cock cannon than Jason Hamilton.
[Socials] Jason Hamilton says fuck that shit.
[Socials] HTPL Gladr Gold scale stands up and yells, "fuck the fucking fuckers who think fuck is a fucking offensive fucking word! fuck them!"
[Socials] Michael Lawson goes, "I've no idea, but if you're feeling brave, ask roger. And take a sensor machine."
[Socials] A cute little tabby named Vazbol bounds into the room, slaps HTPL Gladr Gold scale firmly on the rump before undressing swiftly and offering himself up as a naked sacrifice.
