[Rewards]: Look at him go! Denny Chandler just reached the rank of 849!
[Rewards]: Nicely done! Tobias Guttenburg just reached the rank of 1538!
[Rewards]: Look at him go! Jacob Dark green scale just reached the rank of 228!
[Rewards]: check him out! Austin Blake just reached the rank of 1658!
[Rewards]: Rockin' and rollin' Jacob Dark green scale just reached the rank of 235!
[Rewards]: Nicely done! Ellie Sky blue scale just reached the rank of 221!
[Rewards]: he's on it! Jacob Dark green scale just reached the rank of 241!
[Rewards]: Look at him go! Ricky Shimmering blue designation just reached the rank of 1492!
[Rewards]: check him out! Ricky Shimmering blue designation just reached the rank of 1516!
[Rewards]: Sweet! Jacob Dark green scale just reached the rank of 246!
[Rewards]: Sweet! A  lioness named Camille just reached the rank of 108!
[Rewards]: Look at her go! A  lioness named Camille just reached the rank of 114!
[Rewards]: Look at him go! Philip Williamson just reached the rank of 874!
[Rewards]: she's on it! Alexa Out of Ilyina just reached the rank of 37!
[Rewards] Denny Chandler: go go go
[Rewards]: Nicely done! Alexa Out of Ilyina just reached the rank of 39!
[Rewards]: Rockin' and rollin' Alexa Out of Ilyina just reached the rank of 41!
[Rewards]: check him out! James Arfayn just reached the rank of 201!
[Rewards]: Rockin' and rollin' Alexa Out of Ilyina just reached the rank of 43!
[Rewards]: Nicely done! Alexa Out of Ilyina just reached the rank of 45!
[Rewards]: Nicely done! Alexa Out of Ilyina just reached the rank of 47!
[Rewards]: Look at him go! A ball of slime named Zihao just reached the rank of 63!
[Rewards]: Nicely done! Alexa Out of Ilyina just reached the rank of 49!
[Rewards]: check her out! Alexa Out of Ilyina just reached the rank of 50!
[Rewards]: Nicely done! A ball of slime named Zihao just reached the rank of 66!
[Rewards]: Sweet! Jim Green designation just reached the rank of 4!
[Rewards]: check her out! Harlyn Sun just reached the rank of 170!
[Rewards]: Rockin' and rollin' Ricky Shimmering blue designation just reached the rank of 1548!
[Rewards]: check him out! Ricky Shimmering blue designation just reached the rank of 1558!
[Rewards]: Look at him go! Jim Green designation just reached the rank of 5!
[Rewards]: Nicely done! A cute little tabby named Lilymay just reached the rank of 155!
[Rewards]: Sweet! Denny Chandler just reached the rank of 872!
[Rewards]: Rockin' and rollin' Kinzi Shimmering blue scale just reached the rank of 656!
[Rewards]: Nice! Jim Green designation just reached the rank of 7!
[Rewards]: Look at him go! Jim Green designation just reached the rank of 9!
[Rewards]: Rockin' and rollin' Jim Green designation just reached the rank of 11!
[Rewards]: check him out! Jim Green designation just reached the rank of 12!
[Rewards]: check him out! Jim Green designation just reached the rank of 16!
[Rewards]: Rockin' and rollin' Philip Williamson just reached the rank of 877!
[Rewards]: Nice! Angelo Jones just reached the rank of 306!
[Rewards]: Nice! SDL Midshipman Julia Sonders just reached the rank of 1815!
[Rewards]: Rockin' and rollin' Firaliana Peach scale just reached the rank of 11!
[Rewards]: Nice! Firaliana Peach scale just reached the rank of 12!
[Rewards]: she's on it! Firaliana Peach scale just reached the rank of 14!
[Rewards]: Look at her go! MI Private Yivana Midnight blue designation just reached the rank of 813!
[Rewards]: Rockin' and rollin' Pheerblue Baby blue scale just reached the rank of 817!
[Rewards]: she's on it! MI Private Yivana Midnight blue designation just reached the rank of 856!
[Rewards]: Rockin' and rollin' David Brooks just reached the rank of 1295!
[Rewards]: check him out! Jason Hamilton just reached the rank of 332!
[Rewards]: Rockin' and rollin' Firaliana Peach scale just reached the rank of 16!
[Rewards]: Nicely done! Aubrey Carson just reached the rank of 786!
[Rewards]: Rockin' and rollin' Firaliana Peach scale just reached the rank of 17!
[Rewards]: check her out! Firaliana Peach scale just reached the rank of 18!
[Rewards]: Look at him go! Methelius Black gold designation just reached the rank of 406!
[Rewards]: Sweet! Riknagaru Sky blue scale just reached the rank of 1011!
[Rewards]: she's on it! Firaliana Peach scale just reached the rank of 25!
[Rewards]: check him out! Clayton Quinn152099 just reached the rank of 18!
[Rewards]: Rockin' and rollin' Harlyn Sun just reached the rank of 180!
[Rewards]: Look at him go! Bryan Maxwell just reached the rank of 164!
[Rewards]: Sweet! Bryan Maxwell just reached the rank of 166!
[Rewards]: Look at her go! Trista Vinova just reached the rank of 810!
[Rewards]: he's on it! MI Lance Corporal Jitel Gold scale just reached the rank of 1921!
[Rewards]: he's on it! David Brooks just reached the rank of 1298!
[Rewards]: Nicely done! Ryan Anderrson just reached the rank of 5!
[Rewards]: he's on it! Angelo Jones just reached the rank of 327!
[Rewards]: Nicely done! Ryan Anderrson just reached the rank of 7!
[Rewards]: Sweet! Ryan Anderrson just reached the rank of 10!
[Rewards]: he's on it! Ryan Anderrson just reached the rank of 14!
[Rewards]: Nicely done! Firaliana Peach scale just reached the rank of 61!
[Rewards]: Sweet! Firaliana Peach scale just reached the rank of 64!
[Rewards]: Nice! Clayton Quinn152099 just reached the rank of 45!
[Rewards]: check him out! Austin Blake just reached the rank of 1730!
[Rewards]: Rockin' and rollin' Firaliana Peach scale just reached the rank of 69!
[Rewards]: Sweet! Firaliana Peach scale just reached the rank of 72!
[Rewards]: she's on it! Firaliana Peach scale just reached the rank of 77!
[Rewards]: Rockin' and rollin' David Brooks just reached the rank of 1307!
[Rewards]: check her out! Lucy Adams just reached the rank of 24!
[Rewards]: Sweet! Clayton Quinn152099 just reached the rank of 49!
[Rewards]: Nicely done! Clayton Quinn152099 just reached the rank of 53!
[Rewards]: Nicely done! Austin Blake just reached the rank of 1732!
[Rewards]: check him out! Clayton Quinn152099 just reached the rank of 57!
[Rewards]: Sweet! Austin Blake just reached the rank of 1734!
[rewards] Methelius Black gold designation left the channel.
[Rewards]: Sweet! Austin Blake just reached the rank of 1735!
[Rewards]: Look at him go! Ricky Shimmering blue designation just reached the rank of 1622!
[Rewards]: Sweet! Austin Blake just reached the rank of 1737!
[Rewards]: Nicely done! Matt Hunter just reached the rank of 172!
[Rewards]: Sweet! Matt Hunter just reached the rank of 176!
[Rewards]: he's on it! Damon Markes just reached the rank of 2!
[Rewards]: Sweet! Matt Hunter just reached the rank of 179!
[Rewards]: Nice! Matt Hunter just reached the rank of 181!
[Rewards]: Rockin' and rollin' Tyler Chambliss just reached the rank of 370!
[Rewards]: check him out! Damon Markes just reached the rank of 3!
[Rewards]: Nicely done! Austin Blake just reached the rank of 1774!
[Rewards]: Nice! Austin Blake just reached the rank of 1777!
[Rewards]: Nice! Austin Blake just reached the rank of 1778!
[Rewards]: check him out! Austin Blake just reached the rank of 1779!
[Rewards]: Rockin' and rollin' Matt Hunter just reached the rank of 184!
[Rewards]: Look at him go! Austin Blake just reached the rank of 1780!
[Rewards]: check him out! Matt Hunter just reached the rank of 186!
[Rewards]: check him out! Matt Hunter just reached the rank of 189!
[Rewards]: Sweet! Pheerblue Baby blue scale just reached the rank of 1025!
[Rewards]: Sweet! Damon Markes just reached the rank of 4!
[Rewards]: Nice! Matt Hunter just reached the rank of 192!
[Rewards]: Look at her go! Trista Vinova just reached the rank of 821!
[Rewards]: he's on it! Matt Hunter just reached the rank of 193!
[Rewards]: check him out! Austin Blake just reached the rank of 1792!
[Rewards]: Sweet! Matt Hunter just reached the rank of 195!
[Rewards]: check her out! MI Private Yivana Midnight blue designation just reached the rank of 946!
[Rewards]: Sweet! Austin Blake just reached the rank of 1794!
[Rewards]: Nicely done! Trista Vinova just reached the rank of 822!
[Rewards]: Nicely done! Austin Blake just reached the rank of 1795!
[Rewards]: Rockin' and rollin' Austin Blake just reached the rank of 1796!
[Rewards]: Look at him go! Austin Blake just reached the rank of 1798!
[Rewards]: Sweet! Austin Blake just reached the rank of 1799!
[Rewards]: Rockin' and rollin' Austin Blake just reached the rank of 1800!
[Rewards]: Nice! Clayton Quinn152099 just reached the rank of 60!
[Rewards]: Rockin' and rollin' David Brooks just reached the rank of 1319!
[Rewards]: he's on it! Denny Chandler just reached the rank of 916!
[Rewards]: Rockin' and rollin' David Brooks just reached the rank of 1320!
[Rewards]: Look at him go! Tannin Azure blue scale just reached the rank of 108!
[Rewards]: Rockin' and rollin' Tannin Azure blue scale just reached the rank of 110!
[Rewards]: he's on it! Clayton Quinn152099 just reached the rank of 67!
[Rewards]: Rockin' and rollin' Firaliana Peach scale just reached the rank of 88!
[Rewards]: Sweet! Methelius Black gold designation just reached the rank of 566!
[Rewards]: he's on it! Nakon Nasaria just reached the rank of 1281!
[Rewards]: Sweet! Quentin Waters just reached the rank of 1296!
[Rewards]: Sweet! Firaliana Peach scale just reached the rank of 90!
