Notice! Your ticket, donation item request, has been replied to by a host!. . This notice was sent at 06/24.
Notice! Your ticket, donation item request, has been replied to by a host!. . This notice was sent at 06/24.
Notice! Your service request has been commented upon by the hosts.. . This notice was sent at 06/26.
Notice! Rent collection received. 4000000.0 in total.. . This notice was sent at 06/27.
Notice! Your transfer of cash to SDF chief medic Andrea Rimirez has been approved by your bank.. . This notice was sent on 07/16 at 22:17.
Notice! Your service request has been commented upon by the hosts.. . This notice was sent on 07/16 at 22:45.
Notice! Your service request has been commented upon by the hosts.. . This notice was sent on 07/16 at 22:51.
Notice! Rent collection received. 4000000.0 in total.. . This notice was sent on 07/17 at 00:12.
Notice! You are being paid the charge fee of someone using your rift satellites.. . This notice was sent on 07/17 at 01:01.
Notice! You are now number 2 in the assist queue.. . This notice was sent on 07/17 at 03:08.
Notice! You are now number 2 in the assist queue.. . This notice was sent on 07/18 at 00:05.
Notice! Your report dying while docked to a factory, shouldn't happen! has been resolved. You have been rewarded 10 roleplay points for your report. You also have a traceback you can spend with the traceback command.. . This notice was sent on 07/18 at 00:10.
Notice! Rent collection received. 4000000.0 in total.. . This notice was sent on 07/18 at 00:12.
Notice! You are now number 2 in the assist queue.. . This notice was sent on 07/18 at 00:39.
Notice! Your service request was canceled by the hosts.. . This notice was sent on 07/18 at 00:40.
Notice! You are being paid the charge fee of someone using your rift satellites.. . This notice was sent on 07/19 at 01:07.
Notice! Debris was transferred to your factory by Grake Donoven. . This notice was sent on 07/19 at 20:30.
Notice! You are being paid the charge fee of someone using your rift satellites.. . This notice was sent on 07/19 at 21:03.
Notice! Debris was transferred to your factory by Grake Donoven. . This notice was sent on 07/19 at 21:41.
Notice! You are being paid the charge fee of someone using your rift satellites.. . This notice was sent on 07/19 at 21:42.
Notice! Evron Out of Antonov was unable to pay for rent.. . This notice was sent on 07/23 at 00:12.
Notice! Ocov Zata131425 was unable to pay for rent.. . This notice was sent on 07/23 at 00:12.
Notice! Rent collection received. 8e+15 in total.. . This notice was sent on 07/23 at 00:12.
Notice! Melody Lawson was unable to pay for rent.. . This notice was sent on 07/25 at 00:12.
Notice! Rent collection received. 6e+15 in total.. . This notice was sent on 07/25 at 00:12.
Notice! Psst. This is your friendly neighbourhood scheduler. Please clean out your inventory, so you are not hoarding, before the hosts notice!. . This notice was sent on 07/25 at 23:49.
Notice! Rent collection received. 8e+15 in total.. . This notice was sent on 07/26 at 00:12.
Notice! Your service request has been commented upon by the hosts.. . This notice was sent on 07/26 at 01:06.
Notice! Psst. This is your friendly neighbourhood scheduler. Please clean out your inventory, so you are not hoarding, before the hosts notice!. . This notice was sent on 07/26 at 02:49.
Notice! Your service request has been commented upon by the hosts.. . This notice was sent on 07/26 at 23:05.
Notice! Your service request has been commented upon by the hosts.. . This notice was sent on 07/26 at 23:06.
Notice! Your service request has been commented upon by the hosts.. . This notice was sent on 07/26 at 23:08.
Notice! Your service request was canceled by the hosts.. . This notice was sent on 07/26 at 23:17.
Notice! Your service request has been commented upon by the hosts.. . This notice was sent on 07/26 at 23:32.
Notice! Your service request has been commented upon by the hosts.. . This notice was sent on 07/26 at 23:34.
Notice! Your service request was canceled by the hosts.. . This notice was sent on 07/26 at 23:38.
Notice! Rent collection received. 8e+15 in total.. . This notice was sent on 07/27 at 00:12.
Notice! Rent collection received. 8e+15 in total.. . This notice was sent on 07/28 at 00:12.
